<?xml version="1.0" encoding="UTF-8"?>
<testng-results skipped="0" failed="0" total="1" passed="1">
  <reporter-output>
  </reporter-output>
  <suite name="Default suite" duration-ms="8" started-at="2022-02-14T15:26:14Z" finished-at="2022-02-14T15:26:14Z">
    <groups>
    </groups>
    <test name="Default test" duration-ms="8" started-at="2022-02-14T15:26:14Z" finished-at="2022-02-14T15:26:14Z">
      <class name="testngLearning.TestNGLearning">
        <test-method status="PASS" signature="beforeSuite()[pri:0, instance:testngLearning.TestNGLearning@4278a03f]" name="beforeSuite" is-config="true" duration-ms="8" started-at="2022-02-14T10:26:14Z" finished-at="2022-02-14T10:26:14Z">
          <reporter-output>
          </reporter-output>
        </test-method> <!-- beforeSuite -->
        <test-method status="PASS" signature="beforeClass()[pri:0, instance:testngLearning.TestNGLearning@4278a03f]" name="beforeClass" is-config="true" duration-ms="0" started-at="2022-02-14T10:26:14Z" finished-at="2022-02-14T10:26:14Z">
          <reporter-output>
          </reporter-output>
        </test-method> <!-- beforeClass -->
        <test-method status="PASS" signature="beforeTest()[pri:0, instance:testngLearning.TestNGLearning@4278a03f]" name="beforeTest" is-config="true" duration-ms="0" started-at="2022-02-14T10:26:14Z" finished-at="2022-02-14T10:26:14Z">
          <reporter-output>
          </reporter-output>
        </test-method> <!-- beforeTest -->
        <test-method status="PASS" signature="aftyerClass()[pri:0, instance:testngLearning.TestNGLearning@4278a03f]" name="aftyerClass" is-config="true" duration-ms="0" started-at="2022-02-14T10:26:14Z" finished-at="2022-02-14T10:26:14Z">
          <reporter-output>
          </reporter-output>
        </test-method> <!-- aftyerClass -->
        <test-method status="PASS" signature="beforeMethod()[pri:0, instance:testngLearning.TestNGLearning@4278a03f]" name="beforeMethod" is-config="true" duration-ms="0" started-at="2022-02-14T10:26:14Z" finished-at="2022-02-14T10:26:14Z">
          <reporter-output>
          </reporter-output>
        </test-method> <!-- beforeMethod -->
        <test-method status="PASS" signature="afterTest()[pri:0, instance:testngLearning.TestNGLearning@4278a03f]" name="afterTest" is-config="true" duration-ms="0" started-at="2022-02-14T10:26:14Z" finished-at="2022-02-14T10:26:14Z">
          <reporter-output>
          </reporter-output>
        </test-method> <!-- afterTest -->
        <test-method status="PASS" signature="afterMethod()[pri:0, instance:testngLearning.TestNGLearning@4278a03f]" name="afterMethod" is-config="true" duration-ms="0" started-at="2022-02-14T10:26:14Z" finished-at="2022-02-14T10:26:14Z">
          <reporter-output>
          </reporter-output>
        </test-method> <!-- afterMethod -->
        <test-method status="PASS" signature="test()[pri:0, instance:testngLearning.TestNGLearning@4278a03f]" name="test" duration-ms="0" started-at="2022-02-14T10:26:14Z" finished-at="2022-02-14T10:26:14Z">
          <reporter-output>
          </reporter-output>
        </test-method> <!-- test -->
        <test-method status="PASS" signature="afterSuite()[pri:0, instance:testngLearning.TestNGLearning@4278a03f]" name="afterSuite" is-config="true" duration-ms="0" started-at="2022-02-14T10:26:14Z" finished-at="2022-02-14T10:26:14Z">
          <reporter-output>
          </reporter-output>
        </test-method> <!-- afterSuite -->
      </class> <!-- testngLearning.TestNGLearning -->
    </test> <!-- Default test -->
  </suite> <!-- Default suite -->
</testng-results>
